

Started GET "/assets/rails.png" for 127.0.0.1 at 2017-06-16 14:34:54 +0530
Served asset /rails.png - 304 Not Modified (12ms)


Started GET "/static_pages/home" for 127.0.0.1 at 2017-06-16 14:53:34 +0530
Processing by StaticPagesController#home as HTML
  Rendered static_pages/home.html.erb within layouts/application (11.0ms)
Compiled static_pages.css  (18ms)  (pid 19706)
Compiled application.css  (65ms)  (pid 19706)
Compiled jquery.js  (1ms)  (pid 19706)
Compiled jquery_ujs.js  (0ms)  (pid 19706)
Compiled static_pages.js  (978ms)  (pid 19706)
Compiled application.js  (1067ms)  (pid 19706)
Completed 200 OK in 1286ms (Views: 1285.5ms | ActiveRecord: 0.0ms)


Started GET "/assets/application.css?body=1" for 127.0.0.1 at 2017-06-16 14:53:36 +0530
Served asset /application.css - 304 Not Modified (5ms)


Started GET "/assets/static_pages.css?body=1" for 127.0.0.1 at 2017-06-16 14:53:36 +0530
Served asset /static_pages.css - 200 OK (5ms)


Started GET "/assets/jquery.js?body=1" for 127.0.0.1 at 2017-06-16 14:53:36 +0530
Served asset /jquery.js - 304 Not Modified (3ms)


Started GET "/assets/jquery_ujs.js?body=1" for 127.0.0.1 at 2017-06-16 14:53:36 +0530
Served asset /jquery_ujs.js - 304 Not Modified (4ms)


Started GET "/assets/static_pages.js?body=1" for 127.0.0.1 at 2017-06-16 14:53:36 +0530
Served asset /static_pages.js - 200 OK (0ms)


Started GET "/assets/application.js?body=1" for 127.0.0.1 at 2017-06-16 14:53:36 +0530
Served asset /application.js - 304 Not Modified (7ms)


Started GET "/static_pages/home" for 127.0.0.1 at 2017-06-16 14:57:27 +0530
Processing by StaticPagesController#home as HTML
  Rendered static_pages/home.html.erb within layouts/application (0.0ms)
Completed 200 OK in 8ms (Views: 7.9ms | ActiveRecord: 0.0ms)


Started GET "/assets/application.css?body=1" for 127.0.0.1 at 2017-06-16 14:57:27 +0530
Served asset /application.css - 304 Not Modified (0ms)


Started GET "/assets/static_pages.css?body=1" for 127.0.0.1 at 2017-06-16 14:57:27 +0530
Served asset /static_pages.css - 304 Not Modified (0ms)


Started GET "/assets/jquery.js?body=1" for 127.0.0.1 at 2017-06-16 14:57:27 +0530
Served asset /jquery.js - 304 Not Modified (0ms)


Started GET "/assets/jquery_ujs.js?body=1" for 127.0.0.1 at 2017-06-16 14:57:27 +0530
Served asset /jquery_ujs.js - 304 Not Modified (0ms)


Started GET "/assets/static_pages.js?body=1" for 127.0.0.1 at 2017-06-16 14:57:27 +0530
Served asset /static_pages.js - 304 Not Modified (0ms)


Started GET "/assets/application.js?body=1" for 127.0.0.1 at 2017-06-16 14:57:27 +0530
Served asset /application.js - 304 Not Modified (0ms)


Started GET "/static_pages/help" for 127.0.0.1 at 2017-06-16 14:59:33 +0530
Processing by StaticPagesController#help as HTML
  Rendered static_pages/help.html.erb within layouts/application (0.2ms)
Completed 200 OK in 9ms (Views: 8.2ms | ActiveRecord: 0.0ms)


Started GET "/assets/application.css?body=1" for 127.0.0.1 at 2017-06-16 14:59:33 +0530
Served asset /application.css - 304 Not Modified (0ms)


Started GET "/assets/static_pages.css?body=1" for 127.0.0.1 at 2017-06-16 14:59:33 +0530
Served asset /static_pages.css - 304 Not Modified (0ms)


Started GET "/assets/jquery.js?body=1" for 127.0.0.1 at 2017-06-16 14:59:33 +0530
Served asset /jquery.js - 304 Not Modified (0ms)


Started GET "/assets/static_pages.js?body=1" for 127.0.0.1 at 2017-06-16 14:59:33 +0530
Served asset /static_pages.js - 304 Not Modified (0ms)


Started GET "/assets/jquery_ujs.js?body=1" for 127.0.0.1 at 2017-06-16 14:59:33 +0530
Served asset /jquery_ujs.js - 304 Not Modified (0ms)


Started GET "/assets/application.js?body=1" for 127.0.0.1 at 2017-06-16 14:59:33 +0530
Served asset /application.js - 304 Not Modified (0ms)


Started GET "/static_pages/home" for 127.0.0.1 at 2017-06-16 15:47:29 +0530
Processing by StaticPagesController#home as HTML
  Rendered static_pages/home.html.erb within layouts/application (5.1ms)
Completed 200 OK in 114ms (Views: 113.8ms | ActiveRecord: 0.0ms)


Started GET "/assets/application.css?body=1" for 127.0.0.1 at 2017-06-16 15:47:30 +0530
Served asset /application.css - 304 Not Modified (5ms)


Started GET "/assets/static_pages.css?body=1" for 127.0.0.1 at 2017-06-16 15:47:30 +0530
Served asset /static_pages.css - 304 Not Modified (1ms)


Started GET "/assets/jquery.js?body=1" for 127.0.0.1 at 2017-06-16 15:47:30 +0530
Served asset /jquery.js - 304 Not Modified (7ms)


Started GET "/assets/jquery_ujs.js?body=1" for 127.0.0.1 at 2017-06-16 15:47:30 +0530
Served asset /jquery_ujs.js - 304 Not Modified (1ms)


Started GET "/assets/static_pages.js?body=1" for 127.0.0.1 at 2017-06-16 15:47:30 +0530
Served asset /static_pages.js - 304 Not Modified (0ms)


Started GET "/assets/application.js?body=1" for 127.0.0.1 at 2017-06-16 15:47:30 +0530
Served asset /application.js - 304 Not Modified (10ms)


Started GET "/static_pages/help" for 127.0.0.1 at 2017-06-16 15:48:54 +0530
Processing by StaticPagesController#help as HTML
  Rendered static_pages/help.html.erb within layouts/application (0.3ms)
Completed 200 OK in 14ms (Views: 13.7ms | ActiveRecord: 0.0ms)


Started GET "/assets/application.css?body=1" for 127.0.0.1 at 2017-06-16 15:48:54 +0530
Served asset /application.css - 304 Not Modified (0ms)


Started GET "/assets/static_pages.css?body=1" for 127.0.0.1 at 2017-06-16 15:48:54 +0530
Served asset /static_pages.css - 304 Not Modified (0ms)


Started GET "/assets/jquery.js?body=1" for 127.0.0.1 at 2017-06-16 15:48:54 +0530
Served asset /jquery.js - 304 Not Modified (0ms)


Started GET "/assets/jquery_ujs.js?body=1" for 127.0.0.1 at 2017-06-16 15:48:54 +0530
Served asset /jquery_ujs.js - 304 Not Modified (0ms)


Started GET "/assets/static_pages.js?body=1" for 127.0.0.1 at 2017-06-16 15:48:54 +0530
Served asset /static_pages.js - 304 Not Modified (0ms)


Started GET "/assets/application.js?body=1" for 127.0.0.1 at 2017-06-16 15:48:54 +0530
Served asset /application.js - 304 Not Modified (1ms)


Started GET "/static_pages/home" for 127.0.0.1 at 2017-06-16 15:59:54 +0530
Processing by StaticPagesController#home as HTML
  Rendered static_pages/home.html.erb within layouts/application (12.4ms)
Completed 200 OK in 121ms (Views: 120.2ms | ActiveRecord: 0.0ms)


Started GET "/assets/application.css?body=1" for 127.0.0.1 at 2017-06-16 15:59:55 +0530
Served asset /application.css - 304 Not Modified (16ms)


Started GET "/assets/static_pages.css?body=1" for 127.0.0.1 at 2017-06-16 15:59:55 +0530
Served asset /static_pages.css - 304 Not Modified (1ms)


Started GET "/assets/jquery.js?body=1" for 127.0.0.1 at 2017-06-16 15:59:55 +0530
Served asset /jquery.js - 304 Not Modified (2ms)


Started GET "/assets/static_pages.js?body=1" for 127.0.0.1 at 2017-06-16 15:59:55 +0530
Served asset /static_pages.js - 304 Not Modified (5ms)


Started GET "/assets/jquery_ujs.js?body=1" for 127.0.0.1 at 2017-06-16 15:59:55 +0530
Served asset /jquery_ujs.js - 304 Not Modified (5ms)


Started GET "/assets/application.js?body=1" for 127.0.0.1 at 2017-06-16 15:59:55 +0530
Served asset /application.js - 304 Not Modified (10ms)


Started GET "/static_pages/home" for 127.0.0.1 at 2017-06-16 16:03:38 +0530
Processing by StaticPagesController#home as HTML
  Rendered static_pages/home.html.erb within layouts/application (2.0ms)
Completed 200 OK in 130ms (Views: 129.1ms | ActiveRecord: 0.0ms)


Started GET "/assets/application.css?body=1" for 127.0.0.1 at 2017-06-16 16:03:39 +0530
Served asset /application.css - 304 Not Modified (18ms)


Started GET "/assets/static_pages.css?body=1" for 127.0.0.1 at 2017-06-16 16:03:39 +0530
Served asset /static_pages.css - 304 Not Modified (1ms)


Started GET "/assets/jquery.js?body=1" for 127.0.0.1 at 2017-06-16 16:03:39 +0530
Served asset /jquery.js - 304 Not Modified (1ms)


Started GET "/assets/static_pages.js?body=1" for 127.0.0.1 at 2017-06-16 16:03:39 +0530
Served asset /static_pages.js - 304 Not Modified (0ms)


Started GET "/assets/application.js?body=1" for 127.0.0.1 at 2017-06-16 16:03:39 +0530
Served asset /application.js - 304 Not Modified (12ms)


Started GET "/assets/jquery_ujs.js?body=1" for 127.0.0.1 at 2017-06-16 16:03:39 +0530
Served asset /jquery_ujs.js - 304 Not Modified (1ms)


Started GET "/static_pages/help" for 127.0.0.1 at 2017-06-16 16:27:30 +0530
Processing by StaticPagesController#help as HTML
  Rendered static_pages/help.html.erb within layouts/application (2.0ms)
Completed 200 OK in 115ms (Views: 114.4ms | ActiveRecord: 0.0ms)


Started GET "/assets/application.css?body=1" for 127.0.0.1 at 2017-06-16 16:27:31 +0530
Served asset /application.css - 304 Not Modified (1ms)


Started GET "/assets/static_pages.css?body=1" for 127.0.0.1 at 2017-06-16 16:27:31 +0530
Served asset /static_pages.css - 304 Not Modified (1ms)


Started GET "/assets/jquery.js?body=1" for 127.0.0.1 at 2017-06-16 16:27:31 +0530
Served asset /jquery.js - 304 Not Modified (1ms)


Started GET "/assets/jquery_ujs.js?body=1" for 127.0.0.1 at 2017-06-16 16:27:31 +0530
Served asset /jquery_ujs.js - 304 Not Modified (1ms)


Started GET "/assets/static_pages.js?body=1" for 127.0.0.1 at 2017-06-16 16:27:31 +0530
Served asset /static_pages.js - 304 Not Modified (3ms)


Started GET "/assets/application.js?body=1" for 127.0.0.1 at 2017-06-16 16:27:31 +0530
Served asset /application.js - 304 Not Modified (8ms)


Started GET "/about" for 127.0.0.1 at 2017-06-16 17:44:37 +0530

ActionController::RoutingError (No route matches [GET] "/about"):
  actionpack (3.2.3) lib/action_dispatch/middleware/debug_exceptions.rb:21:in `call'
  actionpack (3.2.3) lib/action_dispatch/middleware/show_exceptions.rb:56:in `call'
  railties (3.2.3) lib/rails/rack/logger.rb:26:in `call_app'
  railties (3.2.3) lib/rails/rack/logger.rb:16:in `call'
  actionpack (3.2.3) lib/action_dispatch/middleware/request_id.rb:22:in `call'
  rack (1.4.7) lib/rack/methodoverride.rb:21:in `call'
  rack (1.4.7) lib/rack/runtime.rb:17:in `call'
  activesupport (3.2.3) lib/active_support/cache/strategy/local_cache.rb:72:in `call'
  rack (1.4.7) lib/rack/lock.rb:15:in `call'
  actionpack (3.2.3) lib/action_dispatch/middleware/static.rb:62:in `call'
  railties (3.2.3) lib/rails/engine.rb:479:in `call'
  railties (3.2.3) lib/rails/application.rb:220:in `call'
  rack (1.4.7) lib/rack/content_length.rb:14:in `call'
  railties (3.2.3) lib/rails/rack/log_tailer.rb:14:in `call'
  rack (1.4.7) lib/rack/handler/webrick.rb:59:in `service'
  /home/jyoti/.rbenv/versions/1.9.3-p551/lib/ruby/1.9.1/webrick/httpserver.rb:138:in `service'
  /home/jyoti/.rbenv/versions/1.9.3-p551/lib/ruby/1.9.1/webrick/httpserver.rb:94:in `run'
  /home/jyoti/.rbenv/versions/1.9.3-p551/lib/ruby/1.9.1/webrick/server.rb:191:in `block in start_thread'


  Rendered /home/jyoti/.rbenv/versions/1.9.3-p551/lib/ruby/gems/1.9.1/gems/actionpack-3.2.3/lib/action_dispatch/middleware/templates/rescues/routing_error.erb within rescues/layout (7.1ms)


Started GET "/about" for 127.0.0.1 at 2017-06-16 17:44:43 +0530

ActionController::RoutingError (No route matches [GET] "/about"):
  actionpack (3.2.3) lib/action_dispatch/middleware/debug_exceptions.rb:21:in `call'
  actionpack (3.2.3) lib/action_dispatch/middleware/show_exceptions.rb:56:in `call'
  railties (3.2.3) lib/rails/rack/logger.rb:26:in `call_app'
  railties (3.2.3) lib/rails/rack/logger.rb:16:in `call'
  actionpack (3.2.3) lib/action_dispatch/middleware/request_id.rb:22:in `call'
  rack (1.4.7) lib/rack/methodoverride.rb:21:in `call'
  rack (1.4.7) lib/rack/runtime.rb:17:in `call'
  activesupport (3.2.3) lib/active_support/cache/strategy/local_cache.rb:72:in `call'
  rack (1.4.7) lib/rack/lock.rb:15:in `call'
  actionpack (3.2.3) lib/action_dispatch/middleware/static.rb:62:in `call'
  railties (3.2.3) lib/rails/engine.rb:479:in `call'
  railties (3.2.3) lib/rails/application.rb:220:in `call'
  rack (1.4.7) lib/rack/content_length.rb:14:in `call'
  railties (3.2.3) lib/rails/rack/log_tailer.rb:14:in `call'
  rack (1.4.7) lib/rack/handler/webrick.rb:59:in `service'
  /home/jyoti/.rbenv/versions/1.9.3-p551/lib/ruby/1.9.1/webrick/httpserver.rb:138:in `service'
  /home/jyoti/.rbenv/versions/1.9.3-p551/lib/ruby/1.9.1/webrick/httpserver.rb:94:in `run'
  /home/jyoti/.rbenv/versions/1.9.3-p551/lib/ruby/1.9.1/webrick/server.rb:191:in `block in start_thread'


  Rendered /home/jyoti/.rbenv/versions/1.9.3-p551/lib/ruby/gems/1.9.1/gems/actionpack-3.2.3/lib/action_dispatch/middleware/templates/rescues/routing_error.erb within rescues/layout (0.5ms)


Started GET "/static_pages/about" for 127.0.0.1 at 2017-06-16 17:45:06 +0530
Processing by StaticPagesController#about as HTML
  Rendered static_pages/about.html.erb within layouts/application (4.0ms)
Completed 200 OK in 63ms (Views: 62.9ms | ActiveRecord: 0.0ms)


Started GET "/assets/application.css?body=1" for 127.0.0.1 at 2017-06-16 17:45:06 +0530
Served asset /application.css - 304 Not Modified (5ms)


Started GET "/assets/static_pages.css?body=1" for 127.0.0.1 at 2017-06-16 17:45:06 +0530
Served asset /static_pages.css - 304 Not Modified (1ms)


Started GET "/assets/jquery_ujs.js?body=1" for 127.0.0.1 at 2017-06-16 17:45:06 +0530
Served asset /jquery_ujs.js - 304 Not Modified (1ms)


Started GET "/assets/static_pages.js?body=1" for 127.0.0.1 at 2017-06-16 17:45:06 +0530
Served asset /static_pages.js - 304 Not Modified (0ms)


Started GET "/assets/jquery.js?body=1" for 127.0.0.1 at 2017-06-16 17:45:06 +0530
Served asset /jquery.js - 304 Not Modified (14ms)


Started GET "/assets/application.js?body=1" for 127.0.0.1 at 2017-06-16 17:45:06 +0530
Served asset /application.js - 304 Not Modified (3ms)


Started GET "/static_pages/about" for 127.0.0.1 at 2017-06-16 17:51:50 +0530
Processing by StaticPagesController#about as HTML
  Rendered static_pages/about.html.erb (6.3ms)
Completed 200 OK in 62ms (Views: 61.4ms | ActiveRecord: 0.0ms)


Started GET "/static_pages/home" for 127.0.0.1 at 2017-06-16 17:51:55 +0530
Processing by StaticPagesController#home as HTML
  Rendered static_pages/home.html.erb (0.2ms)
Completed 200 OK in 7ms (Views: 6.0ms | ActiveRecord: 0.0ms)


Started GET "/static_pages/about" for 127.0.0.1 at 2017-06-16 17:52:03 +0530
Processing by StaticPagesController#about as HTML
  Rendered static_pages/about.html.erb (0.0ms)
Completed 200 OK in 6ms (Views: 4.3ms | ActiveRecord: 0.0ms)


Started GET "/static_pages/help" for 127.0.0.1 at 2017-06-16 17:52:13 +0530
Processing by StaticPagesController#help as HTML
  Rendered static_pages/help.html.erb (0.3ms)
Completed 200 OK in 6ms (Views: 6.0ms | ActiveRecord: 0.0ms)


Started GET "/static_pages/help" for 127.0.0.1 at 2017-06-16 17:55:13 +0530
Processing by StaticPagesController#help as HTML
  Rendered static_pages/help.html.erb (4.8ms)
Completed 200 OK in 57ms (Views: 56.1ms | ActiveRecord: 0.0ms)


Started GET "/static_pages/about" for 127.0.0.1 at 2017-06-16 17:55:18 +0530
Processing by StaticPagesController#about as HTML
  Rendered static_pages/about.html.erb (0.2ms)
Completed 200 OK in 5ms (Views: 4.4ms | ActiveRecord: 0.0ms)


Started GET "/static_pages/about" for 127.0.0.1 at 2017-06-16 17:55:40 +0530
Processing by StaticPagesController#about as HTML
  Rendered static_pages/about.html.erb (0.2ms)
Completed 200 OK in 5ms (Views: 4.4ms | ActiveRecord: 0.0ms)


Started GET "/static_pages/about" for 127.0.0.1 at 2017-06-16 17:58:29 +0530
Processing by StaticPagesController#about as HTML
  Rendered static_pages/about.html.erb (0.0ms)
Completed 200 OK in 5ms (Views: 4.4ms | ActiveRecord: 0.0ms)


Started GET "/static_pages/about" for 127.0.0.1 at 2017-06-16 18:59:24 +0530
Processing by StaticPagesController#about as HTML
  Rendered static_pages/about.html.erb within layouts/application (2.1ms)
Completed 200 OK in 83ms (Views: 82.4ms | ActiveRecord: 0.0ms)


Started GET "/assets/application.css?body=1" for 127.0.0.1 at 2017-06-16 18:59:25 +0530
Served asset /application.css - 304 Not Modified (1ms)


Started GET "/assets/static_pages.css?body=1" for 127.0.0.1 at 2017-06-16 18:59:25 +0530
Served asset /static_pages.css - 304 Not Modified (7ms)


Started GET "/assets/jquery.js?body=1" for 127.0.0.1 at 2017-06-16 18:59:25 +0530
Served asset /jquery.js - 304 Not Modified (8ms)


Started GET "/assets/static_pages.js?body=1" for 127.0.0.1 at 2017-06-16 18:59:25 +0530
Served asset /static_pages.js - 304 Not Modified (1ms)


Started GET "/assets/jquery_ujs.js?body=1" for 127.0.0.1 at 2017-06-16 18:59:25 +0530
Served asset /jquery_ujs.js - 304 Not Modified (6ms)


Started GET "/assets/application.js?body=1" for 127.0.0.1 at 2017-06-16 18:59:25 +0530
Served asset /application.js - 304 Not Modified (12ms)


Started GET "/static_pages/home" for 127.0.0.1 at 2017-06-16 18:59:34 +0530
Processing by StaticPagesController#home as HTML
  Rendered static_pages/home.html.erb within layouts/application (0.3ms)
Completed 200 OK in 9ms (Views: 8.4ms | ActiveRecord: 0.0ms)


Started GET "/assets/application.css?body=1" for 127.0.0.1 at 2017-06-16 18:59:34 +0530
Served asset /application.css - 304 Not Modified (0ms)


Started GET "/assets/static_pages.css?body=1" for 127.0.0.1 at 2017-06-16 18:59:34 +0530
Served asset /static_pages.css - 304 Not Modified (0ms)


Started GET "/assets/jquery.js?body=1" for 127.0.0.1 at 2017-06-16 18:59:34 +0530
Served asset /jquery.js - 304 Not Modified (0ms)


Started GET "/assets/jquery_ujs.js?body=1" for 127.0.0.1 at 2017-06-16 18:59:34 +0530
Served asset /jquery_ujs.js - 304 Not Modified (0ms)


Started GET "/assets/static_pages.js?body=1" for 127.0.0.1 at 2017-06-16 18:59:34 +0530
Served asset /static_pages.js - 304 Not Modified (0ms)


Started GET "/assets/application.js?body=1" for 127.0.0.1 at 2017-06-16 18:59:34 +0530
Served asset /application.js - 304 Not Modified (4ms)


Started GET "/static_pages/help" for 127.0.0.1 at 2017-06-16 18:59:43 +0530
Processing by StaticPagesController#help as HTML
  Rendered static_pages/help.html.erb within layouts/application (0.3ms)
Completed 200 OK in 16ms (Views: 15.2ms | ActiveRecord: 0.0ms)


Started GET "/assets/application.css?body=1" for 127.0.0.1 at 2017-06-16 18:59:43 +0530
Served asset /application.css - 304 Not Modified (0ms)


Started GET "/assets/static_pages.css?body=1" for 127.0.0.1 at 2017-06-16 18:59:43 +0530
Served asset /static_pages.css - 304 Not Modified (0ms)


Started GET "/assets/jquery.js?body=1" for 127.0.0.1 at 2017-06-16 18:59:43 +0530
Served asset /jquery.js - 304 Not Modified (1ms)


Started GET "/assets/jquery_ujs.js?body=1" for 127.0.0.1 at 2017-06-16 18:59:43 +0530
Served asset /jquery_ujs.js - 304 Not Modified (0ms)


Started GET "/assets/static_pages.js?body=1" for 127.0.0.1 at 2017-06-16 18:59:43 +0530
Served asset /static_pages.js - 304 Not Modified (0ms)


Started GET "/assets/application.js?body=1" for 127.0.0.1 at 2017-06-16 18:59:43 +0530
Served asset /application.js - 304 Not Modified (0ms)


Started GET "/static_pages/contact" for 127.0.0.1 at 2017-06-16 19:09:54 +0530

ActionController::RoutingError (No route matches [GET] "/static_pages/contact"):
  actionpack (3.2.3) lib/action_dispatch/middleware/debug_exceptions.rb:21:in `call'
  actionpack (3.2.3) lib/action_dispatch/middleware/show_exceptions.rb:56:in `call'
  railties (3.2.3) lib/rails/rack/logger.rb:26:in `call_app'
  railties (3.2.3) lib/rails/rack/logger.rb:16:in `call'
  actionpack (3.2.3) lib/action_dispatch/middleware/request_id.rb:22:in `call'
  rack (1.4.7) lib/rack/methodoverride.rb:21:in `call'
  rack (1.4.7) lib/rack/runtime.rb:17:in `call'
  activesupport (3.2.3) lib/active_support/cache/strategy/local_cache.rb:72:in `call'
  rack (1.4.7) lib/rack/lock.rb:15:in `call'
  actionpack (3.2.3) lib/action_dispatch/middleware/static.rb:62:in `call'
  railties (3.2.3) lib/rails/engine.rb:479:in `call'
  railties (3.2.3) lib/rails/application.rb:220:in `call'
  rack (1.4.7) lib/rack/content_length.rb:14:in `call'
  railties (3.2.3) lib/rails/rack/log_tailer.rb:14:in `call'
  rack (1.4.7) lib/rack/handler/webrick.rb:59:in `service'
  /home/jyoti/.rbenv/versions/1.9.3-p551/lib/ruby/1.9.1/webrick/httpserver.rb:138:in `service'
  /home/jyoti/.rbenv/versions/1.9.3-p551/lib/ruby/1.9.1/webrick/httpserver.rb:94:in `run'
  /home/jyoti/.rbenv/versions/1.9.3-p551/lib/ruby/1.9.1/webrick/server.rb:191:in `block in start_thread'


  Rendered /home/jyoti/.rbenv/versions/1.9.3-p551/lib/ruby/gems/1.9.1/gems/actionpack-3.2.3/lib/action_dispatch/middleware/templates/rescues/routing_error.erb within rescues/layout (2.1ms)


Started GET "/static_pages/contact" for 127.0.0.1 at 2017-06-16 19:10:13 +0530

ActionController::RoutingError (No route matches [GET] "/static_pages/contact"):
  actionpack (3.2.3) lib/action_dispatch/middleware/debug_exceptions.rb:21:in `call'
  actionpack (3.2.3) lib/action_dispatch/middleware/show_exceptions.rb:56:in `call'
  railties (3.2.3) lib/rails/rack/logger.rb:26:in `call_app'
  railties (3.2.3) lib/rails/rack/logger.rb:16:in `call'
  actionpack (3.2.3) lib/action_dispatch/middleware/request_id.rb:22:in `call'
  rack (1.4.7) lib/rack/methodoverride.rb:21:in `call'
  rack (1.4.7) lib/rack/runtime.rb:17:in `call'
  activesupport (3.2.3) lib/active_support/cache/strategy/local_cache.rb:72:in `call'
  rack (1.4.7) lib/rack/lock.rb:15:in `call'
  actionpack (3.2.3) lib/action_dispatch/middleware/static.rb:62:in `call'
  railties (3.2.3) lib/rails/engine.rb:479:in `call'
  railties (3.2.3) lib/rails/application.rb:220:in `call'
  rack (1.4.7) lib/rack/content_length.rb:14:in `call'
  railties (3.2.3) lib/rails/rack/log_tailer.rb:14:in `call'
  rack (1.4.7) lib/rack/handler/webrick.rb:59:in `service'
  /home/jyoti/.rbenv/versions/1.9.3-p551/lib/ruby/1.9.1/webrick/httpserver.rb:138:in `service'
  /home/jyoti/.rbenv/versions/1.9.3-p551/lib/ruby/1.9.1/webrick/httpserver.rb:94:in `run'
  /home/jyoti/.rbenv/versions/1.9.3-p551/lib/ruby/1.9.1/webrick/server.rb:191:in `block in start_thread'


  Rendered /home/jyoti/.rbenv/versions/1.9.3-p551/lib/ruby/gems/1.9.1/gems/actionpack-3.2.3/lib/action_dispatch/middleware/templates/rescues/routing_error.erb within rescues/layout (5.2ms)


Started GET "/static_pages/help" for 127.0.0.1 at 2017-06-16 19:10:58 +0530
Processing by StaticPagesController#help as HTML
  Rendered static_pages/help.html.erb within layouts/application (0.3ms)
Completed 200 OK in 61ms (Views: 60.7ms | ActiveRecord: 0.0ms)


Started GET "/assets/application.css?body=1" for 127.0.0.1 at 2017-06-16 19:10:58 +0530
Served asset /application.css - 304 Not Modified (18ms)


Started GET "/assets/static_pages.css?body=1" for 127.0.0.1 at 2017-06-16 19:10:58 +0530
Served asset /static_pages.css - 304 Not Modified (1ms)


Started GET "/assets/jquery.js?body=1" for 127.0.0.1 at 2017-06-16 19:10:58 +0530
Served asset /jquery.js - 304 Not Modified (1ms)


Started GET "/assets/jquery_ujs.js?body=1" for 127.0.0.1 at 2017-06-16 19:10:58 +0530
Served asset /jquery_ujs.js - 304 Not Modified (3ms)


Started GET "/assets/static_pages.js?body=1" for 127.0.0.1 at 2017-06-16 19:10:58 +0530
Served asset /static_pages.js - 304 Not Modified (1ms)


Started GET "/assets/application.js?body=1" for 127.0.0.1 at 2017-06-16 19:10:58 +0530
Served asset /application.js - 304 Not Modified (13ms)


Started GET "/static_pages/contact" for 127.0.0.1 at 2017-06-16 19:11:04 +0530

ActionController::RoutingError (No route matches [GET] "/static_pages/contact"):
  actionpack (3.2.3) lib/action_dispatch/middleware/debug_exceptions.rb:21:in `call'
  actionpack (3.2.3) lib/action_dispatch/middleware/show_exceptions.rb:56:in `call'
  railties (3.2.3) lib/rails/rack/logger.rb:26:in `call_app'
  railties (3.2.3) lib/rails/rack/logger.rb:16:in `call'
  actionpack (3.2.3) lib/action_dispatch/middleware/request_id.rb:22:in `call'
  rack (1.4.7) lib/rack/methodoverride.rb:21:in `call'
  rack (1.4.7) lib/rack/runtime.rb:17:in `call'
  activesupport (3.2.3) lib/active_support/cache/strategy/local_cache.rb:72:in `call'
  rack (1.4.7) lib/rack/lock.rb:15:in `call'
  actionpack (3.2.3) lib/action_dispatch/middleware/static.rb:62:in `call'
  railties (3.2.3) lib/rails/engine.rb:479:in `call'
  railties (3.2.3) lib/rails/application.rb:220:in `call'
  rack (1.4.7) lib/rack/content_length.rb:14:in `call'
  railties (3.2.3) lib/rails/rack/log_tailer.rb:14:in `call'
  rack (1.4.7) lib/rack/handler/webrick.rb:59:in `service'
  /home/jyoti/.rbenv/versions/1.9.3-p551/lib/ruby/1.9.1/webrick/httpserver.rb:138:in `service'
  /home/jyoti/.rbenv/versions/1.9.3-p551/lib/ruby/1.9.1/webrick/httpserver.rb:94:in `run'
  /home/jyoti/.rbenv/versions/1.9.3-p551/lib/ruby/1.9.1/webrick/server.rb:191:in `block in start_thread'


  Rendered /home/jyoti/.rbenv/versions/1.9.3-p551/lib/ruby/gems/1.9.1/gems/actionpack-3.2.3/lib/action_dispatch/middleware/templates/rescues/routing_error.erb within rescues/layout (0.5ms)


Started GET "/static_pages/contact" for 127.0.0.1 at 2017-06-16 19:11:14 +0530

ActionController::RoutingError (No route matches [GET] "/static_pages/contact"):
  actionpack (3.2.3) lib/action_dispatch/middleware/debug_exceptions.rb:21:in `call'
  actionpack (3.2.3) lib/action_dispatch/middleware/show_exceptions.rb:56:in `call'
  railties (3.2.3) lib/rails/rack/logger.rb:26:in `call_app'
  railties (3.2.3) lib/rails/rack/logger.rb:16:in `call'
  actionpack (3.2.3) lib/action_dispatch/middleware/request_id.rb:22:in `call'
  rack (1.4.7) lib/rack/methodoverride.rb:21:in `call'
  rack (1.4.7) lib/rack/runtime.rb:17:in `call'
  activesupport (3.2.3) lib/active_support/cache/strategy/local_cache.rb:72:in `call'
  rack (1.4.7) lib/rack/lock.rb:15:in `call'
  actionpack (3.2.3) lib/action_dispatch/middleware/static.rb:62:in `call'
  railties (3.2.3) lib/rails/engine.rb:479:in `call'
  railties (3.2.3) lib/rails/application.rb:220:in `call'
  rack (1.4.7) lib/rack/content_length.rb:14:in `call'
  railties (3.2.3) lib/rails/rack/log_tailer.rb:14:in `call'
  rack (1.4.7) lib/rack/handler/webrick.rb:59:in `service'
  /home/jyoti/.rbenv/versions/1.9.3-p551/lib/ruby/1.9.1/webrick/httpserver.rb:138:in `service'
  /home/jyoti/.rbenv/versions/1.9.3-p551/lib/ruby/1.9.1/webrick/httpserver.rb:94:in `run'
  /home/jyoti/.rbenv/versions/1.9.3-p551/lib/ruby/1.9.1/webrick/server.rb:191:in `block in start_thread'


  Rendered /home/jyoti/.rbenv/versions/1.9.3-p551/lib/ruby/gems/1.9.1/gems/actionpack-3.2.3/lib/action_dispatch/middleware/templates/rescues/routing_error.erb within rescues/layout (3.1ms)


Started GET "/static_pages/contact" for 127.0.0.1 at 2017-06-16 19:12:00 +0530

ActionController::RoutingError (No route matches [GET] "/static_pages/contact"):
  actionpack (3.2.3) lib/action_dispatch/middleware/debug_exceptions.rb:21:in `call'
  actionpack (3.2.3) lib/action_dispatch/middleware/show_exceptions.rb:56:in `call'
  railties (3.2.3) lib/rails/rack/logger.rb:26:in `call_app'
  railties (3.2.3) lib/rails/rack/logger.rb:16:in `call'
  actionpack (3.2.3) lib/action_dispatch/middleware/request_id.rb:22:in `call'
  rack (1.4.7) lib/rack/methodoverride.rb:21:in `call'
  rack (1.4.7) lib/rack/runtime.rb:17:in `call'
  activesupport (3.2.3) lib/active_support/cache/strategy/local_cache.rb:72:in `call'
  rack (1.4.7) lib/rack/lock.rb:15:in `call'
  actionpack (3.2.3) lib/action_dispatch/middleware/static.rb:62:in `call'
  railties (3.2.3) lib/rails/engine.rb:479:in `call'
  railties (3.2.3) lib/rails/application.rb:220:in `call'
  rack (1.4.7) lib/rack/content_length.rb:14:in `call'
  railties (3.2.3) lib/rails/rack/log_tailer.rb:14:in `call'
  rack (1.4.7) lib/rack/handler/webrick.rb:59:in `service'
  /home/jyoti/.rbenv/versions/1.9.3-p551/lib/ruby/1.9.1/webrick/httpserver.rb:138:in `service'
  /home/jyoti/.rbenv/versions/1.9.3-p551/lib/ruby/1.9.1/webrick/httpserver.rb:94:in `run'
  /home/jyoti/.rbenv/versions/1.9.3-p551/lib/ruby/1.9.1/webrick/server.rb:191:in `block in start_thread'


  Rendered /home/jyoti/.rbenv/versions/1.9.3-p551/lib/ruby/gems/1.9.1/gems/actionpack-3.2.3/lib/action_dispatch/middleware/templates/rescues/routing_error.erb within rescues/layout (0.4ms)


Started GET "/static_pages/contact" for 127.0.0.1 at 2017-06-16 19:12:02 +0530

ActionController::RoutingError (No route matches [GET] "/static_pages/contact"):
  actionpack (3.2.3) lib/action_dispatch/middleware/debug_exceptions.rb:21:in `call'
  actionpack (3.2.3) lib/action_dispatch/middleware/show_exceptions.rb:56:in `call'
  railties (3.2.3) lib/rails/rack/logger.rb:26:in `call_app'
  railties (3.2.3) lib/rails/rack/logger.rb:16:in `call'
  actionpack (3.2.3) lib/action_dispatch/middleware/request_id.rb:22:in `call'
  rack (1.4.7) lib/rack/methodoverride.rb:21:in `call'
  rack (1.4.7) lib/rack/runtime.rb:17:in `call'
  activesupport (3.2.3) lib/active_support/cache/strategy/local_cache.rb:72:in `call'
  rack (1.4.7) lib/rack/lock.rb:15:in `call'
  actionpack (3.2.3) lib/action_dispatch/middleware/static.rb:62:in `call'
  railties (3.2.3) lib/rails/engine.rb:479:in `call'
  railties (3.2.3) lib/rails/application.rb:220:in `call'
  rack (1.4.7) lib/rack/content_length.rb:14:in `call'
  railties (3.2.3) lib/rails/rack/log_tailer.rb:14:in `call'
  rack (1.4.7) lib/rack/handler/webrick.rb:59:in `service'
  /home/jyoti/.rbenv/versions/1.9.3-p551/lib/ruby/1.9.1/webrick/httpserver.rb:138:in `service'
  /home/jyoti/.rbenv/versions/1.9.3-p551/lib/ruby/1.9.1/webrick/httpserver.rb:94:in `run'
  /home/jyoti/.rbenv/versions/1.9.3-p551/lib/ruby/1.9.1/webrick/server.rb:191:in `block in start_thread'


  Rendered /home/jyoti/.rbenv/versions/1.9.3-p551/lib/ruby/gems/1.9.1/gems/actionpack-3.2.3/lib/action_dispatch/middleware/templates/rescues/routing_error.erb within rescues/layout (4.6ms)


Started GET "/static_pages/contact" for 127.0.0.1 at 2017-06-16 19:12:35 +0530
Processing by StaticPagesController#contact as HTML
  Rendered static_pages/contact.html.erb within layouts/application (0.3ms)
Completed 200 OK in 57ms (Views: 56.7ms | ActiveRecord: 0.0ms)


Started GET "/assets/application.css?body=1" for 127.0.0.1 at 2017-06-16 19:12:35 +0530
Served asset /application.css - 304 Not Modified (0ms)


Started GET "/assets/static_pages.css?body=1" for 127.0.0.1 at 2017-06-16 19:12:35 +0530
Served asset /static_pages.css - 304 Not Modified (0ms)


Started GET "/assets/jquery.js?body=1" for 127.0.0.1 at 2017-06-16 19:12:35 +0530
Served asset /jquery.js - 304 Not Modified (0ms)


Started GET "/assets/application.js?body=1" for 127.0.0.1 at 2017-06-16 19:12:35 +0530
Served asset /application.js - 304 Not Modified (0ms)


Started GET "/assets/static_pages.js?body=1" for 127.0.0.1 at 2017-06-16 19:12:35 +0530
Served asset /static_pages.js - 304 Not Modified (0ms)


Started GET "/assets/jquery_ujs.js?body=1" for 127.0.0.1 at 2017-06-16 19:12:35 +0530
Served asset /jquery_ujs.js - 304 Not Modified (0ms)


Started GET "/static_pages/contact" for 127.0.0.1 at 2017-06-16 19:17:40 +0530
Processing by StaticPagesController#contact as HTML
  Rendered static_pages/contact.html.erb within layouts/application (4.8ms)
Completed 200 OK in 83ms (Views: 79.1ms | ActiveRecord: 0.0ms)


Started GET "/assets/application.css?body=1" for 127.0.0.1 at 2017-06-16 19:17:41 +0530
Served asset /application.css - 304 Not Modified (3ms)


Started GET "/assets/static_pages.css?body=1" for 127.0.0.1 at 2017-06-16 19:17:41 +0530
Served asset /static_pages.css - 304 Not Modified (1ms)


Started GET "/assets/jquery.js?body=1" for 127.0.0.1 at 2017-06-16 19:17:41 +0530
Served asset /jquery.js - 304 Not Modified (13ms)


Started GET "/assets/jquery_ujs.js?body=1" for 127.0.0.1 at 2017-06-16 19:17:41 +0530
Served asset /jquery_ujs.js - 304 Not Modified (1ms)


Started GET "/assets/application.js?body=1" for 127.0.0.1 at 2017-06-16 19:17:41 +0530
Served asset /application.js - 304 Not Modified (11ms)


Started GET "/assets/static_pages.js?body=1" for 127.0.0.1 at 2017-06-16 19:17:41 +0530
Served asset /static_pages.js - 304 Not Modified (3ms)
