

Started GET "/about" for 127.0.0.1 at 2017-06-22 13:11:48 +0530
Processing by StaticPagesController#about as HTML
  Rendered static_pages/about.html.erb within layouts/application (4.7ms)
Completed 500 Internal Server Error in 121ms

ActionView::Template::Error (application.css isn't precompiled):
    4: 		<title>
    5: 		 	<%= full_title(yield(:title)) %>
    6: 		</title>
    7: 		  <%= stylesheet_link_tag "application", media: "all" %>
    8: 		  <%= javascript_include_tag "application" %>
    9: 		  <%= csrf_meta_tags %>
    10: 		  <%= render 'layouts/shim' %>
  app/views/layouts/application.html.erb:7:in `_app_views_layouts_application_html_erb___2434105023521385754_31538940'




Started GET "/about" for 127.0.0.1 at 2017-06-22 13:11:53 +0530
Processing by StaticPagesController#about as HTML
  Rendered static_pages/about.html.erb within layouts/application (0.0ms)
Completed 500 Internal Server Error in 3ms

ActionView::Template::Error (application.css isn't precompiled):
    4: 		<title>
    5: 		 	<%= full_title(yield(:title)) %>
    6: 		</title>
    7: 		  <%= stylesheet_link_tag "application", media: "all" %>
    8: 		  <%= javascript_include_tag "application" %>
    9: 		  <%= csrf_meta_tags %>
    10: 		  <%= render 'layouts/shim' %>
  app/views/layouts/application.html.erb:7:in `_app_views_layouts_application_html_erb___2434105023521385754_31538940'




Started GET "/favicon.ico" for 127.0.0.1 at 2017-06-22 13:11:53 +0530

ActionController::RoutingError (No route matches [GET] "/favicon.ico"):
  actionpack (3.2.3) lib/action_dispatch/middleware/debug_exceptions.rb:21:in `call'
  actionpack (3.2.3) lib/action_dispatch/middleware/show_exceptions.rb:56:in `call'
  railties (3.2.3) lib/rails/rack/logger.rb:26:in `call_app'
  railties (3.2.3) lib/rails/rack/logger.rb:16:in `call'
  actionpack (3.2.3) lib/action_dispatch/middleware/request_id.rb:22:in `call'
  rack (1.4.7) lib/rack/methodoverride.rb:21:in `call'
  rack (1.4.7) lib/rack/runtime.rb:17:in `call'
  activesupport (3.2.3) lib/active_support/cache/strategy/local_cache.rb:72:in `call'
  rack (1.4.7) lib/rack/lock.rb:15:in `call'
  rack-cache (1.7.0) lib/rack/cache/context.rb:140:in `forward'
  rack-cache (1.7.0) lib/rack/cache/context.rb:249:in `fetch'
  rack-cache (1.7.0) lib/rack/cache/context.rb:189:in `lookup'
  rack-cache (1.7.0) lib/rack/cache/context.rb:66:in `call!'
  rack-cache (1.7.0) lib/rack/cache/context.rb:51:in `call'
  railties (3.2.3) lib/rails/engine.rb:479:in `call'
  railties (3.2.3) lib/rails/application.rb:220:in `call'
  rack (1.4.7) lib/rack/content_length.rb:14:in `call'
  railties (3.2.3) lib/rails/rack/log_tailer.rb:14:in `call'
  rack (1.4.7) lib/rack/handler/webrick.rb:59:in `service'
  /home/jyoti/.rbenv/versions/1.9.3-p551/lib/ruby/1.9.1/webrick/httpserver.rb:138:in `service'
  /home/jyoti/.rbenv/versions/1.9.3-p551/lib/ruby/1.9.1/webrick/httpserver.rb:94:in `run'
  /home/jyoti/.rbenv/versions/1.9.3-p551/lib/ruby/1.9.1/webrick/server.rb:191:in `block in start_thread'




Started GET "/" for 127.0.0.1 at 2017-06-22 13:11:56 +0530
Processing by StaticPagesController#home as HTML
  Rendered static_pages/home.html.erb within layouts/application (1.1ms)
Completed 500 Internal Server Error in 3ms

ActionView::Template::Error (rails.png isn't precompiled):
    9: </h2>
    10: <%= link_to "Sign up now!", signup_path, class: "btn btn-large btn-primary" %>
    11: </div>
    12: <%= link_to image_tag("rails.png", alt: "Rails"), 'http://rubyonrails.org/' %>
  app/views/static_pages/home.html.erb:12:in `_app_views_static_pages_home_html_erb___1475524505595440068_70155845160920'




Started GET "/" for 127.0.0.1 at 2017-06-22 13:12:11 +0530
Processing by StaticPagesController#home as HTML
  Rendered static_pages/home.html.erb within layouts/application (0.6ms)
Completed 500 Internal Server Error in 4ms

ActionView::Template::Error (rails.png isn't precompiled):
    9: </h2>
    10: <%= link_to "Sign up now!", signup_path, class: "btn btn-large btn-primary" %>
    11: </div>
    12: <%= link_to image_tag("rails.png", alt: "Rails"), 'http://rubyonrails.org/' %>
  app/views/static_pages/home.html.erb:12:in `_app_views_static_pages_home_html_erb___1475524505595440068_70155845160920'




Started GET "/" for 127.0.0.1 at 2017-06-22 13:15:34 +0530
Processing by StaticPagesController#home as HTML
  Rendered static_pages/home.html.erb within layouts/application (52.8ms)
Completed 500 Internal Server Error in 109ms

ActionView::Template::Error (rails.png isn't precompiled):
    9: </h2>
    10: <%= link_to "Sign up now!", signup_path, class: "btn btn-large btn-primary" %>
    11: </div>
    12: <%= link_to image_tag("rails.png", alt: "Rails"), 'http://rubyonrails.org/' %>
  app/views/static_pages/home.html.erb:12:in `_app_views_static_pages_home_html_erb___3542747666397991434_39966080'




Started GET "/" for 127.0.0.1 at 2017-06-22 13:15:36 +0530
Processing by StaticPagesController#home as HTML
  Rendered static_pages/home.html.erb within layouts/application (0.8ms)
Completed 500 Internal Server Error in 3ms

ActionView::Template::Error (rails.png isn't precompiled):
    9: </h2>
    10: <%= link_to "Sign up now!", signup_path, class: "btn btn-large btn-primary" %>
    11: </div>
    12: <%= link_to image_tag("rails.png", alt: "Rails"), 'http://rubyonrails.org/' %>
  app/views/static_pages/home.html.erb:12:in `_app_views_static_pages_home_html_erb___3542747666397991434_39966080'




Started GET "/" for 127.0.0.1 at 2017-06-22 13:15:37 +0530
Processing by StaticPagesController#home as HTML
  Rendered static_pages/home.html.erb within layouts/application (38.4ms)
Completed 500 Internal Server Error in 39ms

ActionView::Template::Error (rails.png isn't precompiled):
    9: </h2>
    10: <%= link_to "Sign up now!", signup_path, class: "btn btn-large btn-primary" %>
    11: </div>
    12: <%= link_to image_tag("rails.png", alt: "Rails"), 'http://rubyonrails.org/' %>
  app/views/static_pages/home.html.erb:12:in `_app_views_static_pages_home_html_erb___3542747666397991434_39966080'


Migrating to CreateUsers (20170621104251)
Migrating to AddIndexToUsersEmail (20170621174359)


Started GET "/" for 127.0.0.1 at 2017-06-22 13:16:58 +0530
Processing by StaticPagesController#home as HTML
  Rendered static_pages/home.html.erb within layouts/application (54.0ms)
Completed 500 Internal Server Error in 115ms

ActionView::Template::Error (rails.png isn't precompiled):
    9: </h2>
    10: <%= link_to "Sign up now!", signup_path, class: "btn btn-large btn-primary" %>
    11: </div>
    12: <%= link_to image_tag("rails.png", alt: "Rails"), 'http://rubyonrails.org/' %>
  app/views/static_pages/home.html.erb:12:in `_app_views_static_pages_home_html_erb__585758030272600166_27119440'


